<?xml version="1.0" encoding="UTF-8"?>
<testsuite name="jpashop.service.OrderServiceTest" tests="3" skipped="0" failures="0" errors="0" timestamp="2021-12-20T04:09:20" hostname="HNH1128613N02" time="0.075">
  <properties/>
  <testcase name="상품주문_재고수량초과()" classname="jpashop.service.OrderServiceTest" time="0.014"/>
  <testcase name="상품주문()" classname="jpashop.service.OrderServiceTest" time="0.045"/>
  <testcase name="주문취소()" classname="jpashop.service.OrderServiceTest" time="0.014"/>
  <system-out><![CDATA[2021-12-20 13:09:20.354  INFO 19900 --- [    Test worker] .b.t.c.SpringBootTestContextBootstrapper : Neither @ContextConfiguration nor @ContextHierarchy found for test class [jpashop.service.OrderServiceTest], using SpringBootContextLoader
2021-12-20 13:09:20.356  INFO 19900 --- [    Test worker] o.s.t.c.support.AbstractContextLoader    : Could not detect default resource locations for test class [jpashop.service.OrderServiceTest]: no resource found for suffixes {-context.xml, Context.groovy}.
2021-12-20 13:09:20.357  INFO 19900 --- [    Test worker] t.c.s.AnnotationConfigContextLoaderUtils : Could not detect default configuration classes for test class [jpashop.service.OrderServiceTest]: OrderServiceTest does not declare any static, non-private, non-final, nested classes annotated with @Configuration.
2021-12-20 13:09:20.360  INFO 19900 --- [    Test worker] .b.t.c.SpringBootTestContextBootstrapper : Found @SpringBootConfiguration jpashop.MainApplication for test class jpashop.service.OrderServiceTest
2021-12-20 13:09:20.362  INFO 19900 --- [    Test worker] .b.t.c.SpringBootTestContextBootstrapper : Loaded default TestExecutionListener class names from location [META-INF/spring.factories]: [org.springframework.boot.test.autoconfigure.restdocs.RestDocsTestExecutionListener, org.springframework.boot.test.autoconfigure.web.client.MockRestServiceServerResetTestExecutionListener, org.springframework.boot.test.autoconfigure.web.servlet.MockMvcPrintOnlyOnFailureTestExecutionListener, org.springframework.boot.test.autoconfigure.web.servlet.WebDriverTestExecutionListener, org.springframework.boot.test.autoconfigure.webservices.client.MockWebServiceServerTestExecutionListener, org.springframework.boot.test.mock.mockito.MockitoTestExecutionListener, org.springframework.boot.test.mock.mockito.ResetMocksTestExecutionListener, org.springframework.test.context.web.ServletTestExecutionListener, org.springframework.test.context.support.DirtiesContextBeforeModesTestExecutionListener, org.springframework.test.context.event.ApplicationEventsTestExecutionListener, org.springframework.test.context.support.DependencyInjectionTestExecutionListener, org.springframework.test.context.support.DirtiesContextTestExecutionListener, org.springframework.test.context.transaction.TransactionalTestExecutionListener, org.springframework.test.context.jdbc.SqlScriptsTestExecutionListener, org.springframework.test.context.event.EventPublishingTestExecutionListener]
2021-12-20 13:09:20.363  INFO 19900 --- [    Test worker] .b.t.c.SpringBootTestContextBootstrapper : Using TestExecutionListeners: [org.springframework.test.context.web.ServletTestExecutionListener@665574fb, org.springframework.test.context.support.DirtiesContextBeforeModesTestExecutionListener@3eb7ff78, org.springframework.test.context.event.ApplicationEventsTestExecutionListener@6b83ec49, org.springframework.boot.test.mock.mockito.MockitoTestExecutionListener@50ad5625, org.springframework.boot.test.autoconfigure.SpringBootDependencyInjectionTestExecutionListener@1d921267, org.springframework.test.context.support.DirtiesContextTestExecutionListener@1c5f6292, org.springframework.test.context.transaction.TransactionalTestExecutionListener@684a34f4, org.springframework.test.context.jdbc.SqlScriptsTestExecutionListener@52ec5ba6, org.springframework.test.context.event.EventPublishingTestExecutionListener@5f606ab6, org.springframework.boot.test.autoconfigure.restdocs.RestDocsTestExecutionListener@384cd83a, org.springframework.boot.test.autoconfigure.web.client.MockRestServiceServerResetTestExecutionListener@198a653, org.springframework.boot.test.autoconfigure.web.servlet.MockMvcPrintOnlyOnFailureTestExecutionListener@3119fcad, org.springframework.boot.test.autoconfigure.web.servlet.WebDriverTestExecutionListener@6d7005e2, org.springframework.boot.test.autoconfigure.webservices.client.MockWebServiceServerTestExecutionListener@33a39d7e, org.springframework.boot.test.mock.mockito.ResetMocksTestExecutionListener@77cd1f67]
2021-12-20 13:09:20.372  INFO 19900 --- [    Test worker] o.s.t.c.transaction.TransactionContext   : Began transaction (1) for test context [DefaultTestContext@54b313d6 testClass = OrderServiceTest, testInstance = jpashop.service.OrderServiceTest@2643caa6, testMethod = 상품주문_재고수량초과@OrderServiceTest, testException = [null], mergedContextConfiguration = [WebMergedContextConfiguration@2b20caed testClass = OrderServiceTest, locations = '{}', classes = '{class jpashop.MainApplication}', contextInitializerClasses = '[]', activeProfiles = '{}', propertySourceLocations = '{}', propertySourceProperties = '{spring.config.location=classpath:application-test.yml, org.springframework.boot.test.context.SpringBootTestContextBootstrapper=true}', contextCustomizers = set[org.springframework.boot.test.autoconfigure.actuate.metrics.MetricsExportContextCustomizerFactory$DisableMetricExportContextCustomizer@5b43fbf6, org.springframework.boot.test.autoconfigure.properties.PropertyMappingContextCustomizer@0, org.springframework.boot.test.autoconfigure.web.servlet.WebDriverContextCustomizerFactory$Customizer@749c877b, org.springframework.boot.test.context.filter.ExcludeFilterContextCustomizer@4a3329b9, org.springframework.boot.test.json.DuplicateJsonObjectContextCustomizerFactory$DuplicateJsonObjectContextCustomizer@12bfd80d, org.springframework.boot.test.mock.mockito.MockitoContextCustomizer@0, org.springframework.boot.test.web.client.TestRestTemplateContextCustomizer@60f7cc1d, org.springframework.boot.test.context.SpringBootTestArgs@1, org.springframework.boot.test.context.SpringBootTestWebEnvironment@420a85c4], resourceBasePath = 'src/main/webapp', contextLoader = 'org.springframework.boot.test.context.SpringBootContextLoader', parent = [null]], attributes = map['org.springframework.test.context.web.ServletTestExecutionListener.activateListener' -> true, 'org.springframework.test.context.web.ServletTestExecutionListener.populatedRequestContextHolder' -> true, 'org.springframework.test.context.web.ServletTestExecutionListener.resetRequestContextHolder' -> true, 'org.springframework.test.context.event.ApplicationEventsTestExecutionListener.recordApplicationEvents' -> false]]; transaction manager [org.springframework.orm.jpa.JpaTransactionManager@655f92a1]; rollback [true]
2021-12-20 13:09:20.373 DEBUG 19900 --- [    Test worker] org.hibernate.SQL                        : 
    call next value for hibernate_sequence
2021-12-20 13:09:20.374  INFO 19900 --- [    Test worker] p6spy                                    : #1639973360374 | took 0ms | statement | connection 7| url jdbc:h2:mem:test
call next value for hibernate_sequence
call next value for hibernate_sequence;
2021-12-20 13:09:20.376 DEBUG 19900 --- [    Test worker] org.hibernate.SQL                        : 
    call next value for hibernate_sequence
2021-12-20 13:09:20.376  INFO 19900 --- [    Test worker] p6spy                                    : #1639973360376 | took 0ms | statement | connection 7| url jdbc:h2:mem:test
call next value for hibernate_sequence
call next value for hibernate_sequence;
2021-12-20 13:09:20.381  INFO 19900 --- [    Test worker] p6spy                                    : #1639973360381 | took 0ms | rollback | connection 7| url jdbc:h2:mem:test

;
2021-12-20 13:09:20.382  INFO 19900 --- [    Test worker] o.s.t.c.transaction.TransactionContext   : Rolled back transaction for test: [DefaultTestContext@54b313d6 testClass = OrderServiceTest, testInstance = jpashop.service.OrderServiceTest@2643caa6, testMethod = 상품주문_재고수량초과@OrderServiceTest, testException = [null], mergedContextConfiguration = [WebMergedContextConfiguration@2b20caed testClass = OrderServiceTest, locations = '{}', classes = '{class jpashop.MainApplication}', contextInitializerClasses = '[]', activeProfiles = '{}', propertySourceLocations = '{}', propertySourceProperties = '{spring.config.location=classpath:application-test.yml, org.springframework.boot.test.context.SpringBootTestContextBootstrapper=true}', contextCustomizers = set[org.springframework.boot.test.autoconfigure.actuate.metrics.MetricsExportContextCustomizerFactory$DisableMetricExportContextCustomizer@5b43fbf6, org.springframework.boot.test.autoconfigure.properties.PropertyMappingContextCustomizer@0, org.springframework.boot.test.autoconfigure.web.servlet.WebDriverContextCustomizerFactory$Customizer@749c877b, org.springframework.boot.test.context.filter.ExcludeFilterContextCustomizer@4a3329b9, org.springframework.boot.test.json.DuplicateJsonObjectContextCustomizerFactory$DuplicateJsonObjectContextCustomizer@12bfd80d, org.springframework.boot.test.mock.mockito.MockitoContextCustomizer@0, org.springframework.boot.test.web.client.TestRestTemplateContextCustomizer@60f7cc1d, org.springframework.boot.test.context.SpringBootTestArgs@1, org.springframework.boot.test.context.SpringBootTestWebEnvironment@420a85c4], resourceBasePath = 'src/main/webapp', contextLoader = 'org.springframework.boot.test.context.SpringBootContextLoader', parent = [null]], attributes = map['org.springframework.test.context.web.ServletTestExecutionListener.activateListener' -> true, 'org.springframework.test.context.web.ServletTestExecutionListener.populatedRequestContextHolder' -> true, 'org.springframework.test.context.web.ServletTestExecutionListener.resetRequestContextHolder' -> true, 'org.springframework.test.context.event.ApplicationEventsTestExecutionListener.recordApplicationEvents' -> false]]
2021-12-20 13:09:20.386  INFO 19900 --- [    Test worker] o.s.t.c.transaction.TransactionContext   : Began transaction (1) for test context [DefaultTestContext@54b313d6 testClass = OrderServiceTest, testInstance = jpashop.service.OrderServiceTest@6259d7a0, testMethod = 상품주문@OrderServiceTest, testException = [null], mergedContextConfiguration = [WebMergedContextConfiguration@2b20caed testClass = OrderServiceTest, locations = '{}', classes = '{class jpashop.MainApplication}', contextInitializerClasses = '[]', activeProfiles = '{}', propertySourceLocations = '{}', propertySourceProperties = '{spring.config.location=classpath:application-test.yml, org.springframework.boot.test.context.SpringBootTestContextBootstrapper=true}', contextCustomizers = set[org.springframework.boot.test.autoconfigure.actuate.metrics.MetricsExportContextCustomizerFactory$DisableMetricExportContextCustomizer@5b43fbf6, org.springframework.boot.test.autoconfigure.properties.PropertyMappingContextCustomizer@0, org.springframework.boot.test.autoconfigure.web.servlet.WebDriverContextCustomizerFactory$Customizer@749c877b, org.springframework.boot.test.context.filter.ExcludeFilterContextCustomizer@4a3329b9, org.springframework.boot.test.json.DuplicateJsonObjectContextCustomizerFactory$DuplicateJsonObjectContextCustomizer@12bfd80d, org.springframework.boot.test.mock.mockito.MockitoContextCustomizer@0, org.springframework.boot.test.web.client.TestRestTemplateContextCustomizer@60f7cc1d, org.springframework.boot.test.context.SpringBootTestArgs@1, org.springframework.boot.test.context.SpringBootTestWebEnvironment@420a85c4], resourceBasePath = 'src/main/webapp', contextLoader = 'org.springframework.boot.test.context.SpringBootContextLoader', parent = [null]], attributes = map['org.springframework.test.context.web.ServletTestExecutionListener.activateListener' -> true, 'org.springframework.test.context.web.ServletTestExecutionListener.populatedRequestContextHolder' -> true, 'org.springframework.test.context.web.ServletTestExecutionListener.resetRequestContextHolder' -> true, 'org.springframework.test.context.event.ApplicationEventsTestExecutionListener.recordApplicationEvents' -> false]]; transaction manager [org.springframework.orm.jpa.JpaTransactionManager@655f92a1]; rollback [true]
2021-12-20 13:09:20.391 DEBUG 19900 --- [    Test worker] org.hibernate.SQL                        : 
    call next value for hibernate_sequence
2021-12-20 13:09:20.392  INFO 19900 --- [    Test worker] p6spy                                    : #1639973360392 | took 0ms | statement | connection 8| url jdbc:h2:mem:test
call next value for hibernate_sequence
call next value for hibernate_sequence;
2021-12-20 13:09:20.393 DEBUG 19900 --- [    Test worker] org.hibernate.SQL                        : 
    call next value for hibernate_sequence
2021-12-20 13:09:20.393  INFO 19900 --- [    Test worker] p6spy                                    : #1639973360393 | took 0ms | statement | connection 8| url jdbc:h2:mem:test
call next value for hibernate_sequence
call next value for hibernate_sequence;
2021-12-20 13:09:20.421 DEBUG 19900 --- [    Test worker] org.hibernate.SQL                        : 
    call next value for hibernate_sequence
2021-12-20 13:09:20.422  INFO 19900 --- [    Test worker] p6spy                                    : #1639973360422 | took 0ms | statement | connection 8| url jdbc:h2:mem:test
call next value for hibernate_sequence
call next value for hibernate_sequence;
2021-12-20 13:09:20.423 DEBUG 19900 --- [    Test worker] org.hibernate.SQL                        : 
    call next value for hibernate_sequence
2021-12-20 13:09:20.424  INFO 19900 --- [    Test worker] p6spy                                    : #1639973360424 | took 0ms | statement | connection 8| url jdbc:h2:mem:test
call next value for hibernate_sequence
call next value for hibernate_sequence;
2021-12-20 13:09:20.424 DEBUG 19900 --- [    Test worker] org.hibernate.SQL                        : 
    call next value for hibernate_sequence
2021-12-20 13:09:20.424  INFO 19900 --- [    Test worker] p6spy                                    : #1639973360424 | took 0ms | statement | connection 8| url jdbc:h2:mem:test
call next value for hibernate_sequence
call next value for hibernate_sequence;
2021-12-20 13:09:20.429  INFO 19900 --- [    Test worker] p6spy                                    : #1639973360429 | took 0ms | rollback | connection 8| url jdbc:h2:mem:test

;
2021-12-20 13:09:20.429  INFO 19900 --- [    Test worker] o.s.t.c.transaction.TransactionContext   : Rolled back transaction for test: [DefaultTestContext@54b313d6 testClass = OrderServiceTest, testInstance = jpashop.service.OrderServiceTest@6259d7a0, testMethod = 상품주문@OrderServiceTest, testException = [null], mergedContextConfiguration = [WebMergedContextConfiguration@2b20caed testClass = OrderServiceTest, locations = '{}', classes = '{class jpashop.MainApplication}', contextInitializerClasses = '[]', activeProfiles = '{}', propertySourceLocations = '{}', propertySourceProperties = '{spring.config.location=classpath:application-test.yml, org.springframework.boot.test.context.SpringBootTestContextBootstrapper=true}', contextCustomizers = set[org.springframework.boot.test.autoconfigure.actuate.metrics.MetricsExportContextCustomizerFactory$DisableMetricExportContextCustomizer@5b43fbf6, org.springframework.boot.test.autoconfigure.properties.PropertyMappingContextCustomizer@0, org.springframework.boot.test.autoconfigure.web.servlet.WebDriverContextCustomizerFactory$Customizer@749c877b, org.springframework.boot.test.context.filter.ExcludeFilterContextCustomizer@4a3329b9, org.springframework.boot.test.json.DuplicateJsonObjectContextCustomizerFactory$DuplicateJsonObjectContextCustomizer@12bfd80d, org.springframework.boot.test.mock.mockito.MockitoContextCustomizer@0, org.springframework.boot.test.web.client.TestRestTemplateContextCustomizer@60f7cc1d, org.springframework.boot.test.context.SpringBootTestArgs@1, org.springframework.boot.test.context.SpringBootTestWebEnvironment@420a85c4], resourceBasePath = 'src/main/webapp', contextLoader = 'org.springframework.boot.test.context.SpringBootContextLoader', parent = [null]], attributes = map['org.springframework.test.context.web.ServletTestExecutionListener.activateListener' -> true, 'org.springframework.test.context.web.ServletTestExecutionListener.populatedRequestContextHolder' -> true, 'org.springframework.test.context.web.ServletTestExecutionListener.resetRequestContextHolder' -> true, 'org.springframework.test.context.event.ApplicationEventsTestExecutionListener.recordApplicationEvents' -> false]]
2021-12-20 13:09:20.431  INFO 19900 --- [    Test worker] o.s.t.c.transaction.TransactionContext   : Began transaction (1) for test context [DefaultTestContext@54b313d6 testClass = OrderServiceTest, testInstance = jpashop.service.OrderServiceTest@552b7481, testMethod = 주문취소@OrderServiceTest, testException = [null], mergedContextConfiguration = [WebMergedContextConfiguration@2b20caed testClass = OrderServiceTest, locations = '{}', classes = '{class jpashop.MainApplication}', contextInitializerClasses = '[]', activeProfiles = '{}', propertySourceLocations = '{}', propertySourceProperties = '{spring.config.location=classpath:application-test.yml, org.springframework.boot.test.context.SpringBootTestContextBootstrapper=true}', contextCustomizers = set[org.springframework.boot.test.autoconfigure.actuate.metrics.MetricsExportContextCustomizerFactory$DisableMetricExportContextCustomizer@5b43fbf6, org.springframework.boot.test.autoconfigure.properties.PropertyMappingContextCustomizer@0, org.springframework.boot.test.autoconfigure.web.servlet.WebDriverContextCustomizerFactory$Customizer@749c877b, org.springframework.boot.test.context.filter.ExcludeFilterContextCustomizer@4a3329b9, org.springframework.boot.test.json.DuplicateJsonObjectContextCustomizerFactory$DuplicateJsonObjectContextCustomizer@12bfd80d, org.springframework.boot.test.mock.mockito.MockitoContextCustomizer@0, org.springframework.boot.test.web.client.TestRestTemplateContextCustomizer@60f7cc1d, org.springframework.boot.test.context.SpringBootTestArgs@1, org.springframework.boot.test.context.SpringBootTestWebEnvironment@420a85c4], resourceBasePath = 'src/main/webapp', contextLoader = 'org.springframework.boot.test.context.SpringBootContextLoader', parent = [null]], attributes = map['org.springframework.test.context.web.ServletTestExecutionListener.activateListener' -> true, 'org.springframework.test.context.web.ServletTestExecutionListener.populatedRequestContextHolder' -> true, 'org.springframework.test.context.web.ServletTestExecutionListener.resetRequestContextHolder' -> true, 'org.springframework.test.context.event.ApplicationEventsTestExecutionListener.recordApplicationEvents' -> false]]; transaction manager [org.springframework.orm.jpa.JpaTransactionManager@655f92a1]; rollback [true]
2021-12-20 13:09:20.433 DEBUG 19900 --- [    Test worker] org.hibernate.SQL                        : 
    call next value for hibernate_sequence
2021-12-20 13:09:20.434  INFO 19900 --- [    Test worker] p6spy                                    : #1639973360434 | took 0ms | statement | connection 9| url jdbc:h2:mem:test
call next value for hibernate_sequence
call next value for hibernate_sequence;
2021-12-20 13:09:20.434 DEBUG 19900 --- [    Test worker] org.hibernate.SQL                        : 
    call next value for hibernate_sequence
2021-12-20 13:09:20.434  INFO 19900 --- [    Test worker] p6spy                                    : #1639973360434 | took 0ms | statement | connection 9| url jdbc:h2:mem:test
call next value for hibernate_sequence
call next value for hibernate_sequence;
2021-12-20 13:09:20.436 DEBUG 19900 --- [    Test worker] org.hibernate.SQL                        : 
    call next value for hibernate_sequence
2021-12-20 13:09:20.436  INFO 19900 --- [    Test worker] p6spy                                    : #1639973360436 | took 0ms | statement | connection 9| url jdbc:h2:mem:test
call next value for hibernate_sequence
call next value for hibernate_sequence;
2021-12-20 13:09:20.436 DEBUG 19900 --- [    Test worker] org.hibernate.SQL                        : 
    call next value for hibernate_sequence
2021-12-20 13:09:20.437  INFO 19900 --- [    Test worker] p6spy                                    : #1639973360437 | took 0ms | statement | connection 9| url jdbc:h2:mem:test
call next value for hibernate_sequence
call next value for hibernate_sequence;
2021-12-20 13:09:20.437 DEBUG 19900 --- [    Test worker] org.hibernate.SQL                        : 
    call next value for hibernate_sequence
2021-12-20 13:09:20.439  INFO 19900 --- [    Test worker] p6spy                                    : #1639973360439 | took 0ms | statement | connection 9| url jdbc:h2:mem:test
call next value for hibernate_sequence
call next value for hibernate_sequence;
2021-12-20 13:09:20.444  INFO 19900 --- [    Test worker] p6spy                                    : #1639973360444 | took 0ms | rollback | connection 9| url jdbc:h2:mem:test

;
2021-12-20 13:09:20.444  INFO 19900 --- [    Test worker] o.s.t.c.transaction.TransactionContext   : Rolled back transaction for test: [DefaultTestContext@54b313d6 testClass = OrderServiceTest, testInstance = jpashop.service.OrderServiceTest@552b7481, testMethod = 주문취소@OrderServiceTest, testException = [null], mergedContextConfiguration = [WebMergedContextConfiguration@2b20caed testClass = OrderServiceTest, locations = '{}', classes = '{class jpashop.MainApplication}', contextInitializerClasses = '[]', activeProfiles = '{}', propertySourceLocations = '{}', propertySourceProperties = '{spring.config.location=classpath:application-test.yml, org.springframework.boot.test.context.SpringBootTestContextBootstrapper=true}', contextCustomizers = set[org.springframework.boot.test.autoconfigure.actuate.metrics.MetricsExportContextCustomizerFactory$DisableMetricExportContextCustomizer@5b43fbf6, org.springframework.boot.test.autoconfigure.properties.PropertyMappingContextCustomizer@0, org.springframework.boot.test.autoconfigure.web.servlet.WebDriverContextCustomizerFactory$Customizer@749c877b, org.springframework.boot.test.context.filter.ExcludeFilterContextCustomizer@4a3329b9, org.springframework.boot.test.json.DuplicateJsonObjectContextCustomizerFactory$DuplicateJsonObjectContextCustomizer@12bfd80d, org.springframework.boot.test.mock.mockito.MockitoContextCustomizer@0, org.springframework.boot.test.web.client.TestRestTemplateContextCustomizer@60f7cc1d, org.springframework.boot.test.context.SpringBootTestArgs@1, org.springframework.boot.test.context.SpringBootTestWebEnvironment@420a85c4], resourceBasePath = 'src/main/webapp', contextLoader = 'org.springframework.boot.test.context.SpringBootContextLoader', parent = [null]], attributes = map['org.springframework.test.context.web.ServletTestExecutionListener.activateListener' -> true, 'org.springframework.test.context.web.ServletTestExecutionListener.populatedRequestContextHolder' -> true, 'org.springframework.test.context.web.ServletTestExecutionListener.resetRequestContextHolder' -> true, 'org.springframework.test.context.event.ApplicationEventsTestExecutionListener.recordApplicationEvents' -> false]]
]]></system-out>
  <system-err><![CDATA[]]></system-err>
</testsuite>
